5 xx
       0.00000000    7022.46529057   -1400.08296714       0.03995155  1.893841014  6.405893757  4.534807249
     360.00000000   -7154.03119986   -3783.17682393   -3536.19412193  4.741887408 -4.151817764 -2.093935424
     720.00000000   -7134.59339914    6531.68641138    3260.27186374 -4.113793026 -2.911922038 -2.557327850
    1080.00000000    5568.53901006    4492.06992461    3863.87641876 -4.209106474  5.159719887  2.744852979
    1440.00000000    -938.55923900   -6268.18748648   -4294.02924622  7.536105207 -0.427127707  0.989878079
    1800.00000000   -9680.56121443    2802.47771262     124.10688001 -0.905874102 -4.659467969 -3.227347516
    2160.00000000     190.19796955    7746.96653389    5110.00675252 -6.112325140  1.527008183 -0.139152358
    2520.00000000    5579.55639961   -3995.61396666   -1518.82108891  4.767927481  5.123185300  4.276837353
    2880.00000000   -8650.73081944   -1914.93811485   -3007.03603394  3.067165126 -4.828384067 -2.515322835
    3240.00000000   -5429.79204035    7574.36493566    3747.39305080 -4.999442108 -1.800561422 -2.229392830
    3600.00000000    6759.04583500    2001.58198177    2783.55192488 -2.180993947  6.402085601  3.644723950
    3960.00000000   -3791.44531405   -5712.95617742   -4533.48630591  6.668817491 -2.516382326 -0.082384353
    4320.00000000   -9060.47373315    4658.70952348     813.68673049 -2.232832782 -4.110453489 -3.157345433
4632 xx
       0.00000000    2334.11450015  -41920.44034102      -0.03867437  2.826321031 -0.065091664  0.570936053
   -5184.00000000  -29020.02586264   13819.84418654   -5713.33679012 -1.768068389 -3.235371191 -0.395206135
   -5064.00000000  -32982.56869121  -11125.54996276   -6803.28472569  0.617446995 -3.379240040  0.085954707
   -4944.00000000  -22097.68729858  -31583.13828343   -4836.34329185  2.230597498 -2.166594666  0.426443070
   -4896.00000000  -15129.94694097  -36907.74525123   -3487.56256598  2.581167186 -1.524204736  0.504805762
6251 xx
       0.00000000    3988.31022581    5498.96657072       0.90055878 -3.290032737  2.357652819  6.496623473
     120.00000000   -3935.69799967     409.10980825    5471.33577164 -3.374784182 -6.635211042 -1.942056221
     240.00000000   -1675.12766868   -5683.30432181   -3286.21510841  5.282496923  1.508674258 -5.354872976
     360.00000000    4993.62642691    2890.54969811   -3600.40145518  0.347333429  5.707031555  5.070699636
     480.00000000   -1115.07959478    4015.11691370    5326.99727561 -5.524279442 -4.765738773  2.402255960
     600.00000000   -4329.10008076   -5176.70287776     409.65313840  2.858408302 -2.933091791 -6.509690395
     720.00000000    3692.60029920    -976.24265228   -5623.36447324  3.897257242  6.415554946  1.429112189
     840.00000000    2301.83509977    5723.92394376    2814.61514504 -5.110924965 -0.764510558  5.662120143
     960.00000000   -4990.91637810   -2303.42547806    3920.86335474 -0.993439372 -5.967458358 -4.759110855
    1080.00000000     642.27769954   -4332.89821766   -5183.31523761  5.720542577  4.216573836 -2.846576138
    1200.00000000    4719.78335625    4798.06938843    -943.58851021 -2.294860661  3.492499387  6.408334721
    1320.00000000   -3299.16993509    1576.83168271    5678.67840467 -4.460347073 -6.202025194 -0.885874586
    1440.00000000   -2777.14682264   -5663.16031527   -2462.54889066  4.915493145  0.123328992 -5.896495089
    1560.00000000    4992.31573758    1716.62356713   -4287.86065440  1.640717188  6.071570432  4.338797930
    1680.00000000      -8.22384751    4662.21521517    4905.66411723 -5.891011272 -3.593173871  3.365100459
    1800.00000000   -4966.20137832   -4379.59154895    1349.33347437  1.763172580 -3.981456386 -6.343279441
    1920.00000000    2954.49390252   -2080.65984581   -5754.75037884  4.895893304  5.858184320  0.375474825
    2040.00000000    3363.28794234    5559.55840996    1956.05542236 -4.587378862  0.591943403  6.107838603
    2160.00000000   -4856.66779945   -1107.03450158    4557.21258084 -2.304158557 -6.186437068 -3.956549541
    2280.00000000    -497.84480057   -4863.46005147   -4700.81211099  5.960065405  2.996683368 -3.767123327
    2400.00000000    5241.61935962    3910.75960555   -1857.93473860 -1.124834805  4.406213159  6.148161297
    2520.00000000   -2451.38045895    2610.60463166    5729.79021899 -5.366560524 -5.500855665  0.187958716
    2640.00000000   -3791.87520539   -5378.82851200   -1575.82737928  4.266273591 -1.199162550 -6.276154078
    2760.00000000    4730.53958242     524.05006424   -4857.29369554  2.918056287  6.135412847  3.495115635
    2880.00000000    1159.27802859    5056.60175316    4353.49418484 -5.968060339 -2.314790405  4.230722667
8195 xx
       0.00000000    2349.89483280  -14785.93811122       0.02119378  2.721488095 -3.256811654  4.498416671
     120.00000000   15223.91713205  -17852.95881182   25280.39557472  1.079041732  0.875187372  2.485682812
     240.00000000   19752.78049422   -8600.07130707   37522.72919974  0.238105278  1.546110924  0.986410447
     360.00000000   19089.29762401    3107.89494925   39958.14660181 -0.410308034  1.640332277 -0.306873818
     480.00000000   13829.66070163   13977.39999401   32736.32081534 -1.065096849  1.279983299 -1.760166074
     600.00000000    3333.05838426   18395.31728127   12738.25030859 -1.882432221 -0.611623333 -4.039586548
     720.00000000    2622.13222128  -15125.15464475     474.51048383  2.688287198 -3.078426663  4.494979529
     840.00000000   15320.56769560  -17777.32564059   25539.53197622  1.064346229  0.892184770  2.459822413
     960.00000000   19769.70267197   -8458.65104205   37624.20129117  0.229304396  1.550363884  0.966993056
    1080.00000000   19048.56200957    3260.43223020   39923.39142779 -0.418015536  1.639346952 -0.326094840
    1200.00000000   13729.19205431   14097.70014389   32547.52798922 -1.074511043  1.270505211 -1.785099926
    1320.00000000    3148.86165552   18323.19841158   12305.75195213 -1.895271701 -0.678343847 -4.086577950
    1440.00000000    2890.80638179  -15446.43951840     948.77010146  2.654407489 -2.909344894  4.486437361
    1560.00000000   15415.98410251  -17699.90713913   25796.19643921  1.049818334  0.908822332  2.434107328
    1680.00000000   19786.00617948   -8316.74570337   37723.74537997  0.220539813  1.554518899  0.947601047
    1800.00000000   19007.28688165    3412.85948610   39886.66578069 -0.425733567  1.638276809 -0.345353807
    1920.00000000   13627.93014852   14216.95400881   32356.13705907 -1.083991975  1.260802347 -1.810193902
    2040.00000000    2963.26486475   18243.85063099   11868.25797136 -1.908015446 -0.747870342 -4.134004490
    2160.00000000    3155.85125938  -15750.70392895    1422.32496907  2.620085624 -2.748990395  4.473527038
    2280.00000000   15510.15191305  -17620.71001699   26050.43524568  1.035454678  0.925111006  2.408534464
    2400.00000000   19801.67198221   -8174.33336930   37821.38576313  0.211812700  1.558576937  0.928231879
    2520.00000000   18965.46528816    3565.19666130   39847.97509813 -0.433459944  1.637120585 -0.364653213
    2640.00000000   13525.88227002   14335.15978357   32162.13235581 -1.093537944  1.250868255 -1.835451681
    2760.00000000    2776.30574184   18156.98537912   11425.73046146 -1.920632199 -0.820370733 -4.181839231
    2880.00000000    3417.20931477  -16038.79510186    1894.74933995  2.585515863 -2.596818145  4.456882555
9880 xx
       0.00000000   13020.06750397   -2449.07193427       1.15896030  4.247363934  1.597178500  4.956708610
     120.00000000   19190.32481906    9249.01266627   26596.71344537 -0.624960193  1.324550561  2.495697636
     240.00000000   11332.67805881   16517.99123516   38569.78481843 -1.400974747  0.710947006  0.923935635
     360.00000000     328.74217389   19554.92046799   40558.26244938 -1.593281066  0.126772913 -0.359627307
     480.00000000  -10684.90590361   18057.15728302   33158.75252900 -1.383205997 -0.582328999 -1.744412556
     600.00000000  -17069.78000042    9944.86797602   13885.91648645  0.044133354 -1.853448463 -3.815303116
     720.00000000   13725.09398572   -2180.70877026     863.29684497  3.878478110  1.656846496  4.944867240
     840.00000000   19089.63878659    9456.29669964   27026.79562078 -0.656614298  1.309112636  2.449371940
     960.00000000   11106.41248045   16627.60873583   38727.35139144 -1.409722679  0.698582526  0.891383534
    1080.00000000      72.40958621   19575.08053562   40492.12542796 -1.593394604  0.113655142 -0.390556063
    1200.00000000  -10905.89252250   17965.41204578   32850.07297267 -1.371396120 -0.601706604 -1.782817057
    1320.00000000  -17044.61207061    9635.48491564   13212.59462560  0.129244030 -1.903551430 -3.884569097
    1440.00000000   14369.90303307   -1903.85601008    1722.15319800  3.543393115  1.701687175  4.913881356
    1560.00000000   18983.96209879    9661.12233514   27448.99556915 -0.687189304  1.293808870  2.403630758
    1680.00000000   10878.79336383   16735.31433454   38879.23433107 -1.418239665  0.686235750  0.858951848
    1800.00000000    -184.03743091   19593.09371126   40420.40605687 -1.593348924  0.100448697 -0.421571993
    1920.00000000  -11125.12138297   17870.19488399   32534.21520241 -1.359116235 -0.621413776 -1.821629856
    2040.00000000  -17004.43272319    9316.53926076   12526.11883438  0.220330736 -1.955594322 -3.955058574
    2160.00000000   14960.06492248   -1620.68430760    2574.96359304  3.238634027  1.734723384  4.868880330
    2280.00000000   18873.46346699    9863.57004289   27863.46573905 -0.716736981  1.278632817  2.358448535
    2400.00000000   10649.86857269   16841.14172166   39025.48033845 -1.426527152  0.673901057  0.826632332
    2520.00000000    -440.53459305   19608.95523839   40343.10674251 -1.593138597  0.087147884 -0.452680559
    2640.00000000  -11342.45028568   17771.44223416   32211.12534762 -1.346344015 -0.641464291 -1.860864233
    2760.00000000  -16948.06005205    8987.64254616   11826.28284014  0.318007297 -2.009693491 -4.026726646
    2880.00000000   15500.53444607   -1332.90981006    3419.72315205  2.960917973  1.758331634  4.813698636
9998 xx
       0.00000000   25532.98946508  -27244.26327142      -1.11572421  2.410283884  2.194175682  0.545888526
   -1440.00000000  -11362.18264780  -35117.55866769   -5413.62537834  3.137861260 -1.011678260  0.267510058
   -1380.00000000     309.25349919  -36960.43089044   -4198.48007546  3.292429374 -0.002166046  0.402111628
   -1320.00000000   11949.04008721  -35127.37815759   -2565.89806392  3.119942783  1.012096443  0.497284100
   -1260.00000000   22400.45328669  -29798.63235436    -677.91515102  2.638533343  1.922477736  0.542792912
   -1200.00000000   30640.84751546  -21525.02339561    1277.34808684  1.903464940  2.634294311  0.534540933
   -1140.00000000   35899.56786967  -11152.71157807    3108.72535145  0.997393045  3.079858547  0.474873291
   -1080.00000000   37732.45437478     288.18821045    4643.87587357  0.016652226  3.225184409  0.371669746
   -1020.00000000   36045.92960628   11706.61815881    5746.32646403 -0.942409064  3.069888940  0.236662980
    -960.00000000   31076.77272685   22063.44379119    6325.93403517 -1.794027975  2.642072475  0.083556127
    -900.00000000   23341.26014626   30460.88001624    6342.91707707 -2.469409743  1.990861657 -0.073612096
    -840.00000000   13568.39732651   36204.45929823    5806.79548560 -2.919354202  1.178920217 -0.221646813
    -780.00000000    2628.58762342   38840.10854742    4771.91979713 -3.114400513  0.276239108 -0.348926401
    -720.00000000   -8535.81597903   38171.79072716    3331.00311186 -3.043839957 -0.644462527 -0.445808894
11801 xx
       0.00000000    7473.37102269     428.94748300    5828.74846609  5.107155389  6.444680303 -0.186133297
     360.00000000   -3305.22149232   32410.84320609  -24697.16973549 -1.301137319 -1.151315601 -0.283335822
     720.00000000   14271.29082395   24110.44311420   -4725.76322985 -0.320504533  2.679841532 -2.084054353
    1080.00000000   -9990.05803856   22717.34198851  -23616.88509443 -1.016674389 -2.290267991  0.728923347
    1440.00000000    9787.87827109   33753.32250917  -15030.79882962 -1.094251559  0.923589888 -1.522311001
14128 xx
       0.00000000   34747.57931663   24502.37113350      -1.32832986 -1.731642661  2.452772615  0.608510081
     120.00000000   18263.33438551   38159.96003617    4186.18303961 -2.744396610  1.255583260  0.528558932
     240.00000000   -3023.38840614   41783.13185217    7273.03412689 -3.035574792 -0.271656544  0.309645251
     360.00000000  -23516.34391208   34424.42064647    8448.49867441 -2.529120476 -1.726186020  0.009582303
     480.00000000  -37837.46698386   18028.39726634    7406.25540050 -1.360069524 -2.725794685 -0.292555349
     600.00000000  -42243.58459405   -3093.72887682    4422.91711670  0.163110919 -3.009980597 -0.517584362
     720.00000000  -35597.57918490  -23407.91144697     282.09554375  1.641405246 -2.506773677 -0.606963477
     840.00000000  -19649.19833870  -37606.11622742   -3932.71525831  2.689647055 -1.349150015 -0.537710698
     960.00000000    1431.30912117  -41982.04948420   -7120.45466846  3.035263352  0.160882945 -0.327993994
    1080.00000000   22136.97604726  -35388.19822710   -8447.62393150  2.587624888  1.630097135 -0.032349004
    1200.00000000   37050.15789117  -19537.23320843   -7564.83463318  1.461844493  2.674654255  0.272202191
    1320.00000000   42253.81759688    1431.81867551   -4699.87621034 -0.049247334  3.019518959  0.505890058
    1440.00000000   36366.59146314   22023.54245066    -601.47121803 -1.549681545  2.571788980  0.607057418
    1560.00000000   20922.12287363   36826.33974886    3654.91125778 -2.644070067  1.447521216  0.548722983
    1680.00000000     -23.77224182   41945.51687154    6950.29891545 -3.043358384 -0.057417440  0.346112094
    1800.00000000  -20964.17820453   36039.06205100    8418.91984713 -2.642795220 -1.546099885  0.052725852
    1920.00000000  -36401.63861975   20669.75285547    7677.19769131 -1.549488154 -2.627052310 -0.254079652
    2040.00000000  -42298.30326285    -119.03351115    4922.96388695 -0.052232768 -3.018152668 -0.493827331
    2160.00000000  -37125.62382407  -20879.63057748     879.86971322  1.456499841 -2.619358420 -0.604081693
    2280.00000000  -22250.12319891  -36182.74735411   -3393.15365082  2.583161225 -1.536647628 -0.556404555
    2400.00000000   -1563.06258606  -42035.43177909   -6780.02161559  3.034917505 -0.052702046 -0.363395654
    2520.00000000   19531.64069007  -36905.65469858   -8395.46891783  2.693682199  1.446079999 -0.075256054
    2640.00000000   35516.53505087  -22123.71915979   -7815.04516702  1.646882125  2.568416057  0.232985912
    2760.00000000   42196.03534721   -1547.32646704   -5187.39401827  0.166491841  3.019211548  0.480665780
    2880.00000000   37802.25391921   19433.57329442   -1198.66634190 -1.359930580  2.677830902  0.602507466
16925 xx
       0.00000000    5559.11686670  -11941.04090426     -19.41235206  3.392116761 -1.946985124  4.250755851
     120.00000000   12339.83273248   -2771.14447667   18904.57602738 -0.871247613  2.600917692  0.581560002
     240.00000000   -3385.00215870    7538.13954849     200.59007552 -2.023512861 -4.261808351 -6.856385785
     360.00000000   12805.22441687  -10258.94666183   13780.16486656  0.619279223  1.821510543  2.507365973
     480.00000000    5682.46554479    7199.30271404   15437.67131654 -2.474365408  2.087897333 -2.583767465
     600.00000000    7628.94245583  -12852.72097392    2902.87211814  2.748131074 -0.740084568  4.125307940
     720.00000000   11531.64864258    -858.27539332   19086.85992407 -1.170071906  2.660311987  0.096005697
     840.00000000   -3866.98067523    2603.73428832   -4577.36492168  1.157257388 -8.453281221 -4.683959298
     960.00000000   13054.77731971   -8707.92752607   15537.63262668  0.229846738  2.119467062  2.063396840
    1080.00000000    3496.91056357    8712.83923670   12845.81827140 -2.782185007  1.552950620 -3.554436167
    1200.00000000    9593.07430342  -13023.75961688    6250.46496102  2.072666352  0.278735366  3.778111058
    1320.00000000   10284.79197532    1487.89925106   18824.37376929 -1.530335070  2.663107729 -0.542205997
    1440.00000000    -984.62014856   -5187.03514604   -5745.59585694  4.340271953 -7.266811147  1.777669114
20413 xx
       0.00000000   25123.29289994  -13225.49965893    3249.40351773  0.488683419  4.797897592 -0.961119692
    1440.00000000 -151669.05276004   -5645.20454382   -2198.51592053 -0.869182889 -0.870759872  0.156508219
    1560.00000000 -157497.71652811  -11884.99594721   -1061.44439371 -0.749657961 -0.864016715  0.157766101
    1680.00000000 -162498.32250744  -18062.99732630      81.00915251 -0.638980377 -0.853687105  0.158098991
    1800.00000000 -166728.76005962  -24155.99647581    1222.84128641 -0.535600687 -0.840455444  0.157680857
    1920.00000000 -169935.81919538  -31767.29787020    2749.01540263 -0.430050430 -0.828904183  0.157812340
    2040.00000000 -172703.07826679  -37662.95638217    3883.60052463 -0.338004891 -0.810277487  0.156020035
    2160.00000000 -174823.19332205  -43417.55603929    5003.26312661 -0.250258622 -0.789828672  0.153764903
    2280.00000000 -176324.63920531  -49018.51957191    6104.85024820 -0.166136613 -0.767706262  0.151092242
    2400.00000000 -177231.42137187  -54454.12697879    7185.48661393 -0.085067854 -0.744001567  0.148033403
    2520.00000000 -177563.73577951  -59713.14857368    8242.48472347 -0.006561730 -0.718760309  0.144608676
    2640.00000000 -177338.48021209  -64784.54642772    9273.27219728  0.069809946 -0.691990238  0.140829236
    2760.00000000 -176569.65146210  -69657.21974185   10275.33063154  0.144426878 -0.663665876  0.136698419
    2880.00000000 -175268.65293860  -74319.77623253   11246.14176826  0.217631370 -0.633731090  0.132212491
    3000.00000000 -173444.53034451  -78760.31558054   12183.13774850  0.289737325 -0.602099929  0.127361017
    3120.00000000 -171104.14808564  -82966.21321124   13083.65277993  0.361037779 -0.568655903  0.122126888
    3240.00000000 -168252.31538799  -86923.89360849   13944.87382302  0.431811396 -0.533249797  0.116486022
    3360.00000000 -164891.86827983  -90618.58223260   14763.78793808  0.502328269 -0.495695896  0.110406725
    3480.00000000 -161023.71135035  -94034.02396040   15537.12375268  0.572855321 -0.455766412  0.103848688
    3600.00000000 -156646.82132066  -97152.15367903   16261.28408822  0.643661538 -0.413183688  0.096761524
    3720.00000000 -151758.21281223  -99952.70095375   16932.26607045  0.715023254 -0.367609561  0.089082726
    3840.00000000 -146352.86516930 -102412.70503240   17545.56393637  0.787229695 -0.318630913  0.080734873
    3960.00000000 -140423.60773267 -104505.90796628   18096.04806559  0.860588979 -0.265739987  0.071621768
    4080.00000000 -133960.95957866 -106201.98088160   18577.81121401  0.935434758 -0.208307307  0.061623110
    4200.00000000 -126952.91856233 -107465.51902991   18983.96902547  1.012133628 -0.145543878  0.050587007
    4320.00000000 -119384.69392903 -108254.71112153   19306.39581318  1.091093313 -0.076447479  0.038319282
21897 xx
       0.00000000  -14464.72134752   -4699.19517447       0.06681685 -3.249312013 -3.281032706  4.007046938
     120.00000000  -19410.46285547  -19143.03318399   23114.05521931  0.508602237 -1.156882269  2.379923454
     240.00000000  -12686.06129331  -23853.75334935   35529.81732531  1.231633828 -0.221718202  1.118440291
     360.00000000   -2775.46649277  -22839.64573440   39494.64688792  1.468963404  0.489481769 -0.023972788
     480.00000000    7679.87883341  -16780.50759607   34686.21814523  1.364171080  1.211183896 -1.385151370
     600.00000000   14552.40022596   -4819.50121318   17154.70671939  0.109201591  2.176124494 -3.854856804
     720.00000000  -15302.38844921   -5556.43440133    1095.95088720 -2.838224311 -3.134231137  3.992596325
     840.00000000  -19289.20066176  -19427.04850539   23759.45684928  0.552495087 -1.112499437  2.325112653
     960.00000000  -12376.21976071  -23893.38019306   35831.33690826  1.246701528 -0.194294048  1.074867282
    1080.00000000   -2400.55677596  -22698.62263965   39482.75963216  1.472582921  0.513555654 -0.069306561
    1200.00000000    8031.66819012  -16455.77591597   34298.94390721  1.351357425  1.239633234 -1.448195324
    1320.00000000   14559.48779939   -4238.43773689   16079.23154226 -0.026409655  2.218938770 -4.012628895
    1440.00000000  -16036.04980184   -6372.51406275    2183.44834166 -2.485113442 -2.994994354  3.955891271
    1560.00000000  -19156.71583248  -19698.89059367   24389.29473208  0.594278133 -1.069418599  2.271152044
    1680.00000000  -12062.72925198  -23925.82362198   36120.66679592  1.261238797 -0.167201856  1.031478938
    1800.00000000   -2024.96136910  -22551.56626032   39458.50084613  1.475816889  0.537615764 -0.114887472
    1920.00000000    8379.80915952  -16123.95877981   33894.75122222  1.337468254  1.268432782 -1.512473301
    2040.00000000   14527.86748441   -3646.33817015   14960.74306072 -0.180035839  2.261273514 -4.179355589
    2160.00000000  -16680.12146840   -7149.80800208    3257.64227110 -2.178897350 -2.863927094  3.904876942
    2280.00000000  -19013.58792888  -19958.93765423   25003.81777922  0.634100431 -1.027559822  2.218002684
    2400.00000000  -11745.76155474  -23951.19437911   36397.87675498  1.275261812 -0.140425132  0.988259441
    2520.00000000   -1648.81945027  -22398.50593909   39421.83272718  1.478660173  0.561671519 -0.160733093
    2640.00000000    8723.97652532  -15784.99405808   33473.35214532  1.322433593  1.297602496 -1.578055492
    2760.00000000   14452.25571157   -3043.42332559   13796.84870395 -0.355190169  2.302485443 -4.355767076
    2880.00000000  -17246.31075168   -7890.72601267    4315.39410177 -1.910968457 -2.740945671  3.844722724
22312 xx
       0.00000000    1442.10132869    6510.23625256       8.83145884 -3.475714836  0.997262768  6.835860343
      54.20286720     306.10479044   -5816.45654733   -2979.55846834  3.950663853  3.415332552 -5.879974322
      74.20286720    3282.82085368    2077.46973863   -5189.17988190  0.097342693  7.375135683  2.900196712
      94.20286720     530.82728436    6426.20789017    1712.37077754 -3.837120397 -1.252430657  6.561602573
     114.20286720   -3191.69170206     170.27216572    5956.29806356 -1.394956855 -7.438073479 -0.557553149
     134.20286720   -1818.99219688   -6322.45146935     681.95241882  3.349795191 -1.530140207 -6.831522773
     154.20286720    2515.66450653   -2158.83085205   -5552.13321716  2.571979629  7.311930528 -1.639865553
     174.20286720    2414.52830847    5749.10153024   -1998.59687886 -2.681032990  3.527589228  6.452951453
     194.20286720   -1877.98947384    3862.27840466    5112.48438149 -3.261489780 -6.026859208  3.433254693
     214.20286720   -3117.36580890   -4419.74781914    3840.85950962  1.545479252 -5.475416493 -5.207913840
     234.20286720     815.32042294   -5231.67682969   -3760.04700405  3.870864176  4.455588692 -5.211082084
     254.20286720    3269.54340609    3029.00093834   -4704.67961937 -0.526711439  6.812157856  3.929825221
     274.20286720     -10.18108130    6026.23333919    2643.50530597 -3.953623261 -2.616070208  6.145637426
     294.20286720   -3320.58819942   -1248.42700954    5563.06009370 -0.637046846 -7.417786016 -2.076120413
     314.20286720   -1025.48960881   -6366.98942856    -911.23583218  3.811771960  0.438071799 -6.829260575
     334.20286720    3003.76001978    -413.85680708   -5706.15590142  1.674349924  7.694169078  0.316915504
     354.20286720    1731.42804365    6258.27680340    -409.32503168 -3.400497904  1.447945081  6.904010081
     374.20286720   -2582.52121057    2024.18987816    5647.55653300 -2.530347968 -7.221719548  1.438141201
     394.20286720   -2440.56832822   -5702.77327660    1934.81058556  2.731793136 -3.350575653 -6.527773498
     414.20286720    1951.22952658   -3423.59406237   -5121.67825289  3.249038968  6.465974632 -3.069806234
     434.20286720    2886.50927947    4888.68652227   -3096.29853170 -1.973162382  4.877038604  5.832415172
     454.20286720   -1276.55554345    4553.26862620    4406.19811940 -3.715146317 -5.320177363  4.418210381
     474.20286720   -3181.54688935   -3831.30018388    4096.80206884  1.114160306 -6.104773183 -4.829967841
22674 xx
       0.00000000   14712.22022843   -1443.81061808       0.83497887  4.418965469  1.629592097  4.115531801
     120.00000000   25418.88807105    9342.60307710   23611.46690095  0.051284086  1.213127306  2.429004158
     240.00000000   21619.59550107   16125.24978384   36396.79364748 -0.963604380  0.685454965  1.177181936
     360.00000000   12721.50542953   19258.96192789   40898.47647142 -1.457448564  0.179955469  0.071502601
     480.00000000    1272.80760016   18458.41971348   37044.74741593 -1.674863385 -0.436454983 -1.201040990
     600.00000000  -10058.43188320   11906.60764099   21739.62097085 -1.245829682 -1.543789125 -3.324449220
     720.00000000   10924.40116143   -2571.92414094   -2956.34856205  6.071727750  1.349579102  3.898430259
     840.00000000   25332.14850772    8398.91099672   21783.90653709  0.222320754  1.272214305  2.580527191
     960.00000000   22317.71925377   15574.82085663   35495.77143036 -0.892750056  0.737383381  1.291738834
    1080.00000000   13795.68675476   19088.83050439   40803.69583170 -1.420277668  0.235599456  0.185517056
    1200.00000000    2515.17144974   18746.63775724   37864.58087507 -1.668016052 -0.360431458 -1.052854595
    1320.00000000   -9084.48601837   12982.62608259   24045.63899528 -1.378032362 -1.373184736 -3.013963834
    1440.00000000    5647.00909341   -3293.90518595   -5425.85234898  8.507977173  0.414560797  2.543322805
    1560.00000000   25111.63371466    7412.55109265   19844.25781142  0.416496290  1.332106005  2.739301736
    1680.00000000   22961.47460959   14985.74459129   34511.09256356 -0.816711048  0.789391107  1.407901804
    1800.00000000   14841.15301017   18876.91439306   40626.25900410 -1.380403340  0.290228810  0.298258120
    1920.00000000    3750.70173967   18978.57939131   38578.11782068 -1.656939412 -0.287930880 -0.910825598
    2040.00000000   -8027.30219253   13939.54436537   26136.49044849 -1.474476060 -1.222693623 -2.737178731
    2160.00000000   -1296.95657016   -2813.69369692   -5871.09587091  9.881929368 -1.978467206 -1.922261004
    2280.00000000   24738.60364087    6383.41643828   17787.27631381  0.639556951  1.392554379  2.906206323
    2400.00000000   23546.85387969   14358.15602402   33441.67678490 -0.734895006  0.841564851  1.526009908
    2520.00000000   15855.87695829   18624.05633024   40367.13419373 -1.337753546  0.343969522  0.410018472
    2640.00000000    4976.44933438   19156.75503468   39189.68602011 -1.642084364 -0.218525096 -0.774148203
    2760.00000000   -6909.20746011   14790.44706597   28034.46731370 -1.545152609 -1.088119523 -2.487447213
    2880.00000000   -7331.65006446    -604.17323424   -2723.51014537  6.168997264 -3.634011553 -5.963531680
23177 xx
       0.00000000   -8801.60046445      -0.03357557      -0.44522743 -3.835279100 -7.662552173  0.944561323
     120.00000000   -1684.34352806  -31555.95195401    3888.99944204  2.023055718 -2.151306405  0.265065778
     240.00000000   12325.51409791  -38982.15045084    4802.88832132  1.763224157 -0.102514446  0.012397139
     360.00000000   22773.66831262  -34348.02175582    4228.77407264  1.067616787  1.352427865 -0.166956367
     480.00000000   26194.40440312  -19482.94203089    2393.84773991 -0.313732186  2.808771327 -0.346204118
     600.00000000    8893.50573182    5763.38890391    -713.69884143 -7.037399218  3.022613130 -0.370272416
     720.00000000   -6028.75686352  -25648.99913025    3164.37107180  1.883159287 -3.177051975  0.390793162
     840.00000000    8313.57298818  -38146.45709786    4697.80777394  1.905002133 -0.625883074  0.076098187
     960.00000000   20181.29108032  -36842.60672971    4529.12568082  1.326244476  0.921916486 -0.114527455
    1080.00000000   26302.61793794  -25173.39538679    3084.65309892  0.245398835  2.329974346 -0.287495880
    1200.00000000   19365.07045025   -2700.00490034     317.42727405 -3.009733017  3.902496057 -0.478928582
    1320.00000000   -9667.81878486  -16930.19112144    2095.87468973  1.279288285 -4.736005904  0.582878255
    1440.00000000    4021.31438479  -36066.09208535    4442.91587278  2.007322354 -1.227461375  0.149383897
23333 xx
       0.00000000   -9301.24542929    3326.10200209    2318.36441052 -8.729302999 -0.828225038 -0.122314828
     120.00000000  -44672.91238753   -6213.11996515   -1738.80131729 -3.719475069 -1.336673022 -0.621888261
     240.00000000  -67053.08883713  -14994.69685602   -5897.99072665 -2.860576612 -1.183771564 -0.568473909
     360.00000000  -85227.84250912  -22897.08483882   -9722.59184319 -2.426469823 -1.078592475 -0.525341431
     480.00000000 -100986.00416386  -30171.19697884  -13283.77044412 -2.147108978 -1.000530827 -0.491587582
     600.00000000 -115093.00683198  -36962.56315461  -16634.15682474 -1.945446187 -0.938947736 -0.464199202
     720.00000000 -127965.80061305  -43363.32965956  -19809.90479882 -1.789652015 -0.888278463 -0.441254468
     840.00000000 -139863.28328255  -49436.45702763  -22836.80437498 -1.663762568 -0.845315912 -0.421548627
     960.00000000 -150960.22973966  -55227.45412333  -25734.01408151 -1.558730986 -0.808061065 -0.404293846
    1080.00000000 -161381.71410018  -60770.64039175  -28516.26289207 -1.468977173 -0.775190459 -0.388951810
    1200.00000000 -171221.18732034  -66092.76472556  -31195.19846497 -1.390837596 -0.745785633 -0.375140398
    1320.00000000 -180550.82883546  -71215.23288593  -33780.24937304 -1.321788671 -0.719184752 -0.362579495
    1440.00000000 -189427.87527603  -76155.54941161  -36279.19881777 -1.260024473 -0.694896053 -0.351058132
    1560.00000000 -197898.69395678  -80928.29012858  -38698.57971336 -1.204211888 -0.672544709 -0.340413730
    1600.00000000 -200638.82980422  -82484.14967513  -39488.34330313 -1.186748462 -0.665472421 -0.337037582
23599 xx
       0.00000000    9892.63794046      35.76144968      -1.08228838  3.556643236  6.456009373  0.783610890
      20.00000000   11931.95642642    7340.74973531     886.46365961  0.308329116  5.532328971  0.672887281
      40.00000000   11321.71038867   13222.84748762    1602.40119001 -1.151973982  4.285810870  0.521919425
      60.00000000    9438.29395393   17688.05449734    2146.59293338 -1.907904054  3.179955045  0.387692479
      80.00000000    6872.08634432   20910.11016188    2539.79944959 -2.323995366  2.207398461  0.269506121
     100.00000000    3933.37509678   23024.07661854    2798.25966663 -2.542860615  1.327134965  0.162450076
     120.00000000     816.64091518   24118.98674753    2932.69459340 -2.626838009  0.504502762  0.062344306
     140.00000000   -2334.41705739   24246.86095599    2949.36448753 -2.602259645 -0.288058266 -0.034145135
     160.00000000   -5394.31797884   23429.42715444    2850.86832500 -2.474434067 -1.074055982 -0.129868366
     180.00000000   -8233.35129998   21661.24480228    2636.51456038 -2.230845532 -1.875742343 -0.227528603
     200.00000000  -10693.96497035   18909.88168314    2302.33707478 -1.835912432 -2.716169864 -0.329931880
     220.00000000  -12553.89669534   15114.63990248    1840.93573173 -1.212478879 -3.619036995 -0.439970633
     240.00000000  -13450.20591464   10190.57903962    1241.95958696 -0.189082511 -4.596701970 -0.559173899
     260.00000000  -12686.60436735    4079.31106011     498.27078596  1.664498211 -5.559889863 -0.676747779
     280.00000000   -8672.55867468   -2827.56823259    -342.59644709  5.515079851 -5.551222960 -0.676360044
     300.00000000    1153.31498073   -6411.98691862    -779.87288917  9.689818099  1.388598425  0.167868798
     320.00000000    9542.79200790    -533.71253033     -65.73165422  3.926947085  6.459583537  0.785686754
     340.00000000   11868.80959746    6861.59590672     833.72780581  0.452957852  5.632811326  0.685262322
     360.00000000   11376.23941327   12858.97121005    1563.40660129 -1.087665695  4.374693346  0.532207051
     380.00000000    9547.70300478   17421.48570255    2118.56907454 -1.876540262  3.253891727  0.395810243
     400.00000000    7008.51470029   20725.47470617    2520.56064215 -2.308703598  2.270724438  0.276138613
     420.00000000    4082.28134952   22911.04183918    2786.37568226 -2.536665546  1.383670231  0.168153407
     440.00000000     969.17978087   24071.23672950    2927.31326491 -2.626695114  0.557172427  0.067536854
     460.00000000   -2184.71515415   24261.21670859    2950.08142734 -2.607072865 -0.236887607 -0.029125215
     480.00000000   -5253.42223250   23505.37594940    2857.66120648 -2.484424543 -1.022255436 -0.124714444
     500.00000000   -8108.27960810   21800.81687694    2649.72981876 -2.247597250 -1.821159176 -0.221925624
     520.00000000  -10594.77795271   19117.80778592    2322.72136902 -1.863118483 -2.656426667 -0.323521502
     540.00000000  -12497.32045644   15398.64085371    1869.69983831 -1.258130762 -3.551583367 -0.432338888
     560.00000000  -13467.92474848   10560.90147374    1280.78399130 -0.271870523 -4.520514223 -0.550016092
     580.00000000  -12848.18843176    4541.21901591     548.53826395  1.494157156 -5.489585382 -0.667472039
     600.00000000   -9152.70552349   -2344.24950193    -287.98121976  5.127921094 -5.650383023 -0.685989007
     620.00000000     280.38491103   -6500.10263813    -790.36092959  9.779619611  0.581815813  0.074171345
     640.00000000    9166.25784130   -1093.12552483    -129.49428867  4.316668712  6.438636492  0.785116609
     660.00000000   11794.48942570    6382.21138285     780.88439007  0.604412453  5.731729367  0.697574332
     680.00000000   11424.30137949   12494.26088587    1524.33165454 -1.021328075  4.463448966  0.542532698
     700.00000000    9652.09867005   17153.84761633    2090.48038283 -1.844516637  3.327522234  0.403915232
     720.00000000    7140.41945597   20539.25484768    2501.21469299 -2.293173683  2.333507911  0.282716311
24208 xx
       0.00000000    7534.10986965   41266.39265616      -0.10801028 -3.027168007  0.558848996  0.207982755
     120.00000000  -14289.19939989   39469.05528877    1428.62838549 -2.893205244 -1.045447840  0.179634249
     240.00000000  -32222.92013996   26916.25424998    2468.59996520 -1.973007928 -2.359335070  0.102539376
     360.00000000  -41413.95108166    7055.51656429    2838.90906587 -0.521665080 -3.029172206 -0.002066843
     480.00000000  -39402.72250724  -14716.42474786    2441.32678285  1.066928187 -2.878714619 -0.105865729
     600.00000000  -26751.08889032  -32515.13981464    1384.38865529  2.366228869 -1.951032799 -0.181018498
     720.00000000   -6874.77975337  -41530.38328187     -46.60245458  3.027415086 -0.494671177 -0.207337260
     840.00000000   14859.52038600  -39302.58906078   -1465.02482481  2.869609882  1.100123968 -0.177514425
     960.00000000   32553.14862802  -26398.88401022   -2485.45865929  1.930064459  2.401574539 -0.099250520
    1080.00000000   41365.67575607   -6298.09965623   -2828.05253949  0.459741276  3.051680213  0.006431872
    1200.00000000   38858.83293915   15523.39314463   -2396.86850680 -1.140211488  2.867567142  0.110637217
    1320.00000000   25701.46067398   33089.42616665   -1308.68556599 -2.428713821  1.897381431  0.184605907
    1440.00000000    5501.08136935   41590.27783169     138.32522926 -3.050691874  0.409203052  0.207958133
25954 xx
       0.00000000    8827.15660210  -41223.00970011       3.63482963  3.007087318  0.643701323  0.000941663
   -1440.00000000    8118.18518979  -41368.40536148       4.11046687  3.017696740  0.591994296  0.000933016
   -1320.00000000   27766.34014501  -31724.96999614       9.93297846  2.314236152  2.024903192  0.000660861
   -1200.00000000   39932.57236785  -13532.60040052      13.12958252  0.987382818  2.911942843  0.000213298
   -1080.00000000   41341.01364212    8305.71681707      12.84988501 -0.605098224  3.014378267 -0.000291034
    -960.00000000   31614.99209618   27907.29154523       9.16618796 -2.034243523  2.305014101 -0.000718418
    -840.00000000   13375.75227190   39994.27016461       3.05416854 -2.915424365  0.975119873 -0.000955576
    -720.00000000   -8464.89963057   41312.93548664      -3.86622919 -3.011600614 -0.617275050 -0.000939664
    -600.00000000  -28026.23405324   31507.89994724      -9.76047868 -2.296840159 -2.043607595 -0.000674889
    -480.00000000  -40040.01313172   13218.00579020     -13.06594832 -0.963328772 -2.919827982 -0.000231414
    -360.00000000  -41268.43290749   -8632.06859436     -12.90661266  0.630042315 -3.009677375  0.000273163
    -240.00000000  -31377.85316082  -28156.13969496      -9.32605529  2.054021716 -2.288554158  0.000704959
    -120.00000000  -13031.41552300  -40092.33379837      -3.27636660  2.924657465 -0.950541166  0.000949381
       0.00000000    8827.15660210  -41223.00970011       3.63482963  3.007087318  0.643701323  0.000941663
     120.00000000   28306.85425832  -31243.80146465       9.57216891  2.279137742  2.064316875  0.000684127
     240.00000000   40159.05127611  -12845.39150775      12.96086316  0.937265422  2.928448287  0.000245505
     360.00000000   41192.55902230    9013.79606491      12.90495665 -0.656727442  3.003543457 -0.000257479
     480.00000000   31131.69754873   28445.55680885       9.42419238 -2.073484841  2.269770850 -0.000691233
     600.00000000   12687.81846153   40217.83323443       3.44726249 -2.931721826  0.924962230 -0.000940766
     720.00000000   -9172.23499973   41161.63474303      -3.43575757 -3.000571485 -0.668847508 -0.000940101
     840.00000000  -28562.51092343   31022.45986664      -9.39562161 -2.261449201 -2.082713896 -0.000689669
     960.00000000  -40260.77503352   12529.11483971     -12.84915105 -0.913097030 -2.935933528 -0.000256181
    1080.00000000  -41114.14375315   -9338.87194206     -12.87952403  0.681588815 -2.998432564  0.000245006
    1200.00000000  -30890.01511322  -28690.40749939      -9.48037212  2.092989804 -2.252978151  0.000680459
    1320.00000000  -12341.46193653  -40310.06315187      -3.55833201  2.940537098 -0.900219523  0.000934170
    1440.00000000    9533.27750535  -41065.52388992       3.30756482  2.995596170  0.695200236  0.000938525
26900 xx
       0.00000000  -42014.83794537    3702.34357662     -26.67500257 -0.269775247 -3.061854392  0.000336726
    9300.00000000   40968.68132077   -9905.99155802      11.84946837  0.722756848  2.989645388 -0.000161261
    9360.00000000   42135.66857229    1072.99195575      10.83481752 -0.078150602  3.074772454 -0.000380063
    9400.00000000   41304.75154907    8398.27742683       9.74006213 -0.612515134  3.014117468 -0.000511575
26975 xx
       0.00000000  -14506.92313337  -21613.56042639      10.05018893  2.212943307  1.159970891  3.020600201
     120.00000000    7309.62197733    6076.00713483    6800.08705061  1.300543382  5.322579613 -4.788746311
     240.00000000   -3882.62933675   11960.00543097  -25088.14383100 -2.146773699 -1.372461491 -2.579382089
     360.00000000  -16785.45506965    -734.79159682  -34300.57084833 -1.386528124 -1.907762640 -0.220949640
     480.00000000  -23524.16688657  -13629.45124216  -30246.27898301 -0.462846784 -1.586139829  1.269293624
     600.00000000  -22890.23596412  -22209.35899494  -16769.91945618  0.704351342 -0.671112594  2.432433851
     720.00000000  -11646.39698635  -19855.44221515    3574.00109500  2.626712727  1.815887328  2.960883900
     840.00000000    7665.76124014   11159.78946245     345.93813106 -0.584818007  3.193514161 -5.750338921
     960.00000000   -6369.35387922   10204.80072719  -27844.52149557 -2.050573276 -1.582940542 -2.076075231
    1080.00000000  -18345.64762599   -2977.76684340  -34394.90759590 -1.243589864 -1.892050756  0.060372061
    1200.00000000  -23979.74838543  -15436.44139109  -28616.50539368 -0.294973425 -1.482987916  1.478255628
    1320.00000000  -21921.97167230  -22852.45146976  -13784.85308076  0.945455628 -0.428940995  2.596964377
    1440.00000000   -8266.43820786  -17210.74589600    6967.95545862  3.082244068  2.665881871  2.712555074
    1560.00000000    6286.85464349   13809.56328560   -6321.60663593 -1.615964016  1.383135376 -5.358719130
    1680.00000000   -8730.87526527    8244.63344121  -30039.92371898 -1.935622870 -1.724162071 -1.631224737
    1800.00000000  -19735.81882662   -5191.76592850  -34166.14973128 -1.097835529 -1.860148418  0.324401050
    1920.00000000  -24232.73846984  -17112.08242743  -26742.88892458 -0.119786184 -1.364365317  1.680220467
    2040.00000000  -20654.45640096  -23184.54385355  -10611.55144403  1.209238112 -0.144169639  2.748054937
    2160.00000000   -4337.15988829  -13410.46816845    9870.45948921  3.532753093  3.772236460  2.088424246
    2280.00000000    4074.62263404   14698.07547848  -12248.65327609 -2.053824692  0.203325817 -4.607867717
    2400.00000000  -10950.23438657    6148.66879266  -31736.65531922 -1.809875605 -1.816179061 -1.233364913
    2520.00000000  -20952.40701422   -7358.71507672  -33633.06642075 -0.948973031 -1.813594137  0.573893078
    2640.00000000  -24273.48943414  -18637.15546348  -24633.27701659  0.064161440 -1.228537559  1.875728934
    2760.00000000  -19057.55467513  -23148.29321391   -7269.38613964  1.500802808  0.195383037  2.879031236
    2880.00000000      43.69305305   -8145.90298965   11634.57079567  3.780661681  5.105315422  0.714401344
28057 xx
       0.00000000   -2715.28237405   -6619.26436692      -0.01341443 -1.008587273  0.422782003  7.385272939
     120.00000000   -1816.87920888   -1835.78762079    6661.07926266  2.325140070  6.655669327  2.463394511
     240.00000000    1483.17364244    5395.21248624    4448.65907042  2.560540386  4.039025765 -5.736648560
     360.00000000    2801.25607073    5455.03931174   -3692.12865581 -0.595095864 -3.951923116 -6.298799123
     480.00000000     411.09332803   -1728.99769094   -6935.45548606 -2.935970963 -6.684085056  1.492800885
     600.00000000   -2506.52558375   -6628.98654898    -988.07784477 -1.390577188 -0.556164143  7.312736466
     720.00000000   -2090.79884206   -2723.22832122    6266.13356385  1.992640664  6.337529518  3.411803080
     840.00000000    1091.80560182    4809.88229352    5172.42897748  2.717483545  4.805518975 -5.030019894
     960.00000000    2811.14062212    5950.65707002   -2813.23705293 -0.159662742 -3.121215490 -6.775341947
    1080.00000000     805.72698287    -812.16627867   -7067.58483759 -2.798936019 -6.889265975  0.472770872
    1200.00000000   -2249.59837455   -6505.84890519   -1956.72365022 -1.731234728 -1.528750230  7.096660883
    1320.00000000   -2311.57375730   -3560.99112803    5748.16749417  1.626569751  5.890482231  4.293545047
    1440.00000000     688.16056561    4124.87618826    5794.55994289  2.810973664  5.479585561 -4.224866314
    1560.00000000    2759.94088140    6329.87271620   -1879.19518253  0.266930672 -2.222670877 -7.119390565
    1680.00000000    1171.50677111     125.82053769   -7061.96625990 -2.605687851 -6.958489747 -0.556333225
    1800.00000000   -1951.43708399   -6251.71945628   -2886.95472295 -2.024131482 -2.475214272  6.741537476
    1920.00000000   -2475.70722213   -4331.90569854    5117.31234752  1.235823538  5.322743369  5.091281210
    2040.00000000     281.46097822    3353.51056978    6302.87900477  2.840647273  6.047222483 -3.337085991
    2160.00000000    2650.33118768    6584.33434665    -908.29027075  0.675457235 -1.274044971 -7.323921564
    2280.00000000    1501.17226562    1066.31132759   -6918.71472740 -2.361891903 -6.889669972 -1.574718619
    2400.00000000   -1619.73468265   -5871.14051803   -3760.56586991 -2.264093974 -3.376316600  6.254622254
    2520.00000000   -2581.04202424   -5020.05572410    4385.92328886  0.829668458  4.645048037  5.789262666
    2640.00000000    -119.22080644    2510.90620378    6687.45615273  2.807575711  6.496549688 -2.384136660
    2760.00000000    2486.23806633    6708.18209835      80.43349620  1.057274905 -0.294294027 -7.384689121
    2880.00000000    1788.42334535    1990.50530941   -6640.59337513 -2.074169090 -6.683381286 -2.562777775
28129 xx
       0.00000000   21707.46411706  -15318.61751935       0.13551152  1.304029214  1.816904974  3.161919975
     120.00000000   18616.75971307    3166.15176949   18833.41522650 -2.076122016  2.838457574  1.586210534
     240.00000000   -3006.50596239   18522.20741460   18941.84077591 -3.375452788  1.032680772 -1.559324534
     360.00000000  -21607.02086315   15432.59962172     206.62470303 -1.306049851 -1.817011568 -3.163725017
     480.00000000  -18453.06134001   -3150.83256040  -18685.83030380  2.106017925 -2.860236336 -1.586151870
     600.00000000    3425.11742282  -18514.73232155  -18588.67200005  3.394666339 -1.003072030  1.610061294
     720.00000000   21858.23837498  -15101.51661105     387.34517037  1.247973967  1.856017402  3.161439947
     840.00000000   18360.69935249    3506.55256658   19024.81678413 -2.122684183  2.830618604  1.537510676
     960.00000000   -3412.84765307   18646.85269156   18748.00359429 -3.366815727  0.986039921 -1.607874971
    1080.00000000  -21758.08330939   15215.44829026    -180.82181402 -1.250144679 -1.856490448 -3.163774869
    1200.00000000  -18193.41289743   -3493.85876808  -18877.14757156  2.153326942 -2.852221263 -1.536617760
    1320.00000000    3833.57386733  -18635.77026157  -18388.68722339  3.384748178 -0.955363840  1.658785020
    1440.00000000   22002.20073907  -14879.72595151     774.32827076  1.191573619  1.894561164  3.159953046
28350 xx
       0.00000000    6333.08122940   -1580.82852279      90.69355717  0.714634423  3.224246549  7.083128130
     120.00000000   -3990.93846084    3052.98341716    4155.32700104 -5.909006183 -0.876307969 -5.039131406
     240.00000000    -603.55230056   -2685.13474944   -5891.70273972  7.572519907 -1.975656716  0.121722627
     360.00000000    4788.22342466     782.56171239    4335.14287030 -4.954509065  3.683346457  4.804645802
     480.00000000   -6291.84601494    1547.82787189    -453.67123846 -0.308625494 -3.341538597 -7.082659108
     600.00000000    4480.74581415   -3028.55198255   -3586.94334502  5.320920753  1.199736345  5.626350563
     720.00000000    -446.42478266    2932.28875814    5759.19385905 -7.561000231  1.550975396 -1.374971079
     840.00000000   -3713.79562444   -1382.66135967   -5122.45141505  6.090931794 -3.512629670 -3.467571511
     960.00000000    6058.32009438    -827.47391399    2104.04705107 -1.798403386  3.787067322  6.641439620
    1080.00000000   -5631.73674722    2623.70941477    1766.49089993 -3.216401151 -2.309141158 -6.788609257
    1200.00000000    2776.85033807   -3255.36942716   -4837.19641725  6.748135307 -0.193044522  4.005719152
    1320.00000000    1148.04373968    2486.07362763    5826.34077695 -7.420162428  2.589456101  0.356349342
    1440.00000000   -4527.90824542    -723.29234361   -4527.44648401  5.121674830 -3.909895332 -4.500217944
28623 xx
       0.00000000  -11665.70901977   24943.61432616      25.80543632 -1.596228621 -1.476127961  1.126059753
     120.00000000  -11645.35454528     979.37668223    5517.89499880  3.407743501 -5.183094987 -0.492983277
     240.00000000    5619.19252023   19651.44861713   -7261.38496510 -2.013634212  3.106842860  0.284235517
     360.00000000   -9708.68629558   26306.14552025   -1204.29478673 -1.824164289 -0.931909596  1.113419052
     480.00000000  -14394.03162023    6659.30763729    5593.38345736  1.556522914 -4.681657614  0.296912247
     600.00000000    7712.09475545   15565.72627928   -7342.40465323 -1.646800365  4.070313568 -0.109483080
     720.00000000   -7558.36740143   27035.11366506   -2385.12053581 -1.999583790 -0.393409285  1.078093515
     840.00000000  -15495.61861252   11550.15894589    5053.83178380  0.469277341 -4.029761076  0.679054740
     960.00000000    9167.02567228   10363.65207644   -6871.52576322 -0.881621035  5.223361501 -0.740696291
    1080.00000000   -5275.80273903   27151.78484643   -3494.50686002 -2.129609387  0.150196475  1.021038089
    1200.00000000  -15601.37655690   15641.29374461    4217.03267843 -0.249183116 -3.405238564  0.888214501
    1320.00000000    9301.05873237    3883.15274825   -5477.86479553  0.871447785  6.493677314 -1.885545260
    1440.00000000   -2914.31069496   26665.20392308   -4511.09812401 -2.216261908  0.710067760  0.940691825
28626 xx
       0.00000000   42080.71850961   -2646.86387357       0.81851294  0.193105177  3.068688250  0.000438449
     120.00000000   37740.00084471   18802.76872243       3.45512584 -1.371035206  2.752105931  0.000336883
     240.00000000   23232.82514317   35187.33980756       4.98927427 -2.565776619  1.694193131  0.000163365
     360.00000000    2467.44290104   42093.60908707       5.15062987 -3.069341799  0.179976276 -0.000031739
     480.00000000  -18962.59052428   37661.66242699       4.04433257 -2.746151981 -1.382675777 -0.000197633
     600.00000000  -35285.00094264   23085.44402091       2.08711880 -1.683277907 -2.572893624 -0.000296282
     720.00000000  -42103.20136880    2291.06228825      -0.13274964 -0.166974816 -3.070104559 -0.000311007
     840.00000000  -37580.31857252  -19120.40485124      -2.02755702  1.394367847 -2.740341611 -0.000248591
     960.00000000  -22934.20761194  -35381.23869754      -3.16495932  2.580167539 -1.672360950 -0.000134907
    1080.00000000   -2109.90332326  -42110.71506946      -3.36507889  3.070935368 -0.153808390 -0.000005855
    1200.00000000   19282.77774155  -37495.59249482      -2.71861462  2.734400524  1.406220933  0.000103486
    1320.00000000   35480.60989545  -22779.03374607      -1.52841859  1.661210675  2.587414592  0.000168300
    1440.00000000   42119.96262246   -1925.77567205      -0.19827433  0.140521206  3.071541613  0.000179561
28872 xx
       0.00000000   -6131.82730274    2446.52815455    -253.64211026 -0.144920228  0.995100963  7.658645065
       5.00000000   -5799.24255966    2589.14811045    2011.54515048  2.325207364 -0.047125672  7.296234069
      10.00000000   -4769.05061835    2420.46580495    4035.30855731  4.464585795 -1.060923209  6.070907873
      15.00000000   -3175.45157264    1965.98738037    5582.12569461  6.049639374 -1.935777557  4.148607018
      20.00000000   -1210.19024797    1281.54541272    6474.68172609  6.920746270 -2.580517336  1.748783867
      25.00000000     896.73799462     447.12357315    6607.22400358  6.983396279 -2.925846167 -0.872655206
      30.00000000    2896.99663395    -440.04738550    5954.92675387  6.211488245 -2.926949814 -3.433959804
      35.00000000    4545.78969985   -1273.55952801    4580.16512964  4.656984232 -2.568711512 -5.638510951
      40.00000000    5627.43299180   -1947.94282383    2634.16715004  2.464141047 -1.873985161 -7.195743029
      45.00000000    5984.72318373   -2371.37691524     349.87996374 -0.121276948 -0.911981547 -7.859613892
      50.00000000    5548.43325824   -2480.16469177   -1979.24314294 -2.763269532  0.199691915 -7.482796995
29141 xx
       0.00000000     423.99295511   -6658.12255951     136.13040352  1.006373613  0.217309983  7.662587890
      20.00000000     931.80883560   -1017.17852221    6529.19244329 -0.298847918  7.613891975  1.226399480
      40.00000000     -83.44906140    6286.20208239    2223.49837068 -1.113515974  2.530970282 -7.219445566
      60.00000000    -958.57681185    3259.26005127   -5722.63732299 -0.101225812 -6.735338320 -3.804851870
      80.00000000    -255.25619935   -5132.59762934   -4221.27232720  1.077709303 -4.905938821  5.892521265
     100.00000000     867.44295087   -5038.40402392    4256.73810704  0.479447534  5.032326449  5.857126243
     120.00000000     559.16881901    3376.30588372    5699.22016744 -0.906749329  6.646149861 -3.852331839
     140.00000000    -669.85184275    6196.00228729   -2281.95742638 -0.795804090 -2.752114839 -7.202478514
     160.00000000    -784.20707837   -1278.53126994   -6449.19891858  0.636702382 -7.595425199  1.431090820
     180.00000000     406.15811910   -6607.03115216     148.33023632  1.009818573  0.231843791  7.692047843
     200.00000000     916.34911617    -884.08646283    6491.09810188 -0.302163053  7.669887113  1.084336875
     220.00000000    -104.02491508    6304.31821851    1960.08736020 -1.108873822  2.259522766 -7.351147724
     240.00000000    -944.61642763    2872.17243484   -5846.94104842 -0.051117677 -6.989747103 -3.413102548
     260.00000000    -187.16568945   -5404.86166369   -3731.97051774  1.094696709 -4.412110933  6.326060998
     280.00000000     884.59720720   -4465.74509368    4725.83637518  0.380656015  5.691554115  5.303910915
     300.00000000     446.40765845    4086.66846852    5093.05589275 -0.982424456  6.072965126 -4.791630781
     320.00000000    -752.24468408    5588.35465356   -3275.04102823 -0.661161353 -4.016290876 -6.676897953
     340.00000000    -643.72870706   -2585.02542432   -5923.01298795  0.807922162 -7.171597745  3.041115236
     360.00000000     584.40297791   -6202.35598314    1781.00554006  0.869250429  2.226927742  7.471676708
     380.00000000     779.59209676    1100.73751092    6311.59523315 -0.599552340  7.721032484 -1.275153309
     400.00000000    -403.03159062    6399.17996214    -364.12763907 -1.008861904 -0.516636965 -7.799812281
     420.00000000    -852.93907939     192.65197905   -6322.47052893  0.396006251 -7.882964948 -0.289331101
29238 xx
       0.00000000   -5566.59512654   -3789.75991046      67.60382243  2.873759366 -3.825340522  6.023253924
     120.00000000    4474.27915369   -1447.72286091    4619.83927092  4.712595820  5.668306151 -2.701606740
     240.00000000    1922.17712381    5113.01138181   -4087.08470102 -6.490769649 -0.522350158 -3.896001152
     360.00000000   -6157.93546693   -2094.70798796   -1941.63730814  0.149900662 -5.175192521  5.604262033
     480.00000000    2482.64052493   -3268.45944352    5146.38006027  6.501814695  4.402848753 -0.350943512
     600.00000000    4036.26454980    4827.43347105   -2507.99064072 -5.184409516  1.772280692 -5.331390165
     720.00000000   -5776.81371579    -118.64155618   -3641.22052051 -2.539917202 -5.622701580  4.403125407
     840.00000000      67.98700015   -4456.49213155    4863.71794289  7.183809417  2.418917795  2.015642490
     960.00000000    5520.62206591    3782.38203766    -596.73193708 -3.027966075  3.754152519 -6.013506360
    1080.00000000   -4528.05104889    1808.46272644   -4816.99727270 -4.808419755 -5.185789346  2.642104500
    1200.00000000   -2356.61466997   -4852.51202093    3856.53816684  6.688446738  0.118520968  4.021854201
    1320.00000000    6149.65799889    2173.59424073    1369.29487645 -0.345832792  5.109857854 -5.842951830
    1440.00000000   -2629.55012716    3400.98039184   -5344.38216813 -6.368548440 -3.998963517  0.577253078
88888 xx
       0.00000000    2328.96975193   -5995.22051160    1719.97297140  2.912073280 -0.983417956 -7.090816208
     120.00000000    1020.69234528    2286.56260566   -6191.55565743 -3.746543901  6.467532719  1.827985678
     240.00000000   -3226.54349058    3503.70977420    4532.80979209  1.000992116 -5.788042887  5.162585824
     360.00000000    2456.10706459   -6071.93855324    1222.89768511  2.679390039 -0.448290811 -7.228792153
     480.00000000     787.16457321    2719.91800876   -6043.86661839 -3.759883837  6.277439312  2.397897863
     600.00000000   -3110.97647929    3121.73026126    4878.15216905  1.244916056 -6.124880423  4.700576352
     720.00000000    2567.56229622   -6112.50383742     713.96374380  2.440245750  0.098109002 -7.319959256
     840.00000000     556.05661743    3144.52288147   -5855.34635982 -3.754660142  6.044752773  2.957941671
     960.00000000   -2982.47940432    2712.61663578    5192.32330355  1.475566773 -6.427737012  4.202420225
    1080.00000000    2663.08964285   -6115.48290699     196.40072776  2.196121563  0.652415093 -7.362824150
    1200.00000000     328.54999617    3557.09490530   -5626.21426990 -3.731193287  5.769341170  3.504058731
    1320.00000000   -2842.06876637    2278.42343312    5472.33437051  1.691852635 -6.693216334  3.671022709
    1440.00000000    2742.55398774   -6079.67008921    -326.39012795  1.948497650  1.211072680 -7.356193129
